<?xml version="1.0" encoding="UTF-8"?>
<!-- Generated by org.testng.reporters.JUnitReportReporter -->
<testsuite hostname="Sal-Lonovo" failures="1" tests="3" name="cucumberOptions.testNGTestRunner" time="120.224" errors="0" timestamp="2022-12-05T16:18:26 EST" skipped="0">
  <testcase classname="cucumberOptions.testNGTestRunner" name="runScenario" time="40.364"/>
  <system-out/>
  <testcase classname="cucumberOptions.testNGTestRunner" name="runScenario" time="39.768"/>
  <system-out/>
  <testcase classname="cucumberOptions.testNGTestRunner" name="runScenario" time="40.092">
    <failure message="expected [Beetroot] but found [No data]" type="java.lang.AssertionError">
      <![CDATA[java.lang.AssertionError: expected [Beetroot] but found [No data]
at org.testng.Assert.fail(Assert.java:99)
at org.testng.Assert.failNotEquals(Assert.java:1037)
at org.testng.Assert.assertEqualsImpl(Assert.java:140)
at org.testng.Assert.assertEquals(Assert.java:122)
at org.testng.Assert.assertEquals(Assert.java:629)
at org.testng.Assert.assertEquals(Assert.java:639)
at stepDefinitions.OfferPageStepDefinition.validate_product_name_in_offers_page_matches_with_landing_page(OfferPageStepDefinition.java:54)
at ✽.validate product name in offers page matches with Landing Page(file:///C:/Users/Sal/git/CucumberFrameWorkExample/src/test/java/com/sal/features/searchProduct.feature:18)
]]>
    </failure>
  </testcase> <!-- runScenario -->
  <system-out/>
</testsuite> <!-- cucumberOptions.testNGTestRunner -->
